The files belonging to this database system will be owned by user "postgres".
This user must also own the server process.

The database cluster will be initialized with locale "en_US.utf8".
The default database encoding has accordingly been set to "UTF8".
The default text search configuration will be set to "english".

Data page checksums are disabled.

fixing permissions on existing directory /var/lib/postgresql/data ... ok
creating subdirectories ... ok
selecting dynamic shared memory implementation ... posix
selecting default max_connections ... 100
selecting default shared_buffers ... 128MB
selecting default time zone ... UTC
creating configuration files ... ok
running bootstrap script ... ok
performing post-bootstrap initialization ... ok
sh: locale: not found
2023-10-16 16:23:19.334 UTC [30] WARNING:  no usable system locales were found
initdb: warning: enabling "trust" authentication for local connections
initdb: hint: You can change this by editing pg_hba.conf or using the option -A, or --auth-local and --auth-host, the next time you run initdb.
syncing data to disk ... ok


Success. You can now start the database server using:

    pg_ctl -D /var/lib/postgresql/data -l logfile start

waiting for server to start....2023-10-16 16:23:20.668 UTC [36] LOG:  starting PostgreSQL 16.0 on x86_64-pc-linux-musl, compiled by gcc (Alpine 12.2.1_git20220924-r10) 12.2.1 20220924, 64-bit
2023-10-16 16:23:20.670 UTC [36] LOG:  listening on Unix socket "/var/run/postgresql/.s.PGSQL.5432"
2023-10-16 16:23:20.678 UTC [39] LOG:  database system was shut down at 2023-10-16 16:23:19 UTC
2023-10-16 16:23:20.698 UTC [36] LOG:  database system is ready to accept connections
 done
server started

/usr/local/bin/docker-entrypoint.sh: running /docker-entrypoint-initdb.d/init.sql
SET
SET
SET
SET
SET
 set_config
------------

(1 row)

SET
SET
SET
SET
CREATE SCHEMA
ALTER SCHEMA
SET
SET
CREATE TABLE
ALTER TABLE
CREATE TABLE
ALTER TABLE
COPY 33
COPY 3
ALTER TABLE
CREATE INDEX


waiting for server to shut down....2023-10-16 16:23:20.925 UTC [36] LOG:  received fast shutdown request
2023-10-16 16:23:20.928 UTC [36] LOG:  aborting any active transactions
2023-10-16 16:23:20.933 UTC [36] LOG:  background worker "logical replication launcher" (PID 42) exited with exit code 1
2023-10-16 16:23:20.934 UTC [37] LOG:  shutting down
2023-10-16 16:23:20.937 UTC [37] LOG:  checkpoint starting: shutdown immediate
2023-10-16 16:23:20.980 UTC [37] LOG:  checkpoint complete: wrote 62 buffers (0.4%); 0 WAL file(s) added, 0 removed, 0 recycled; write=0.009 s, sync=0.023 s, total=0.046 s; sync files=49, longest=0.005 s, average=0.001 s; distance=223 kB, estimate=223 kB; lsn=0/1522150, redo lsn=0/1522150
2023-10-16 16:23:21.004 UTC [36] LOG:  database system is shut down
 done
server stopped

PostgreSQL init process complete; ready for start up.

2023-10-16 16:23:21.064 UTC [1] LOG:  starting PostgreSQL 16.0 on x86_64-pc-linux-musl, compiled by gcc (Alpine 12.2.1_git20220924-r10) 12.2.1 20220924, 64-bit
2023-10-16 16:23:21.064 UTC [1] LOG:  listening on IPv4 address "0.0.0.0", port 5432
2023-10-16 16:23:21.065 UTC [1] LOG:  listening on IPv6 address "::", port 5432
2023-10-16 16:23:21.070 UTC [1] LOG:  listening on Unix socket "/var/run/postgresql/.s.PGSQL.5432"
2023-10-16 16:23:21.076 UTC [52] LOG:  database system was shut down at 2023-10-16 16:23:20 UTC
2023-10-16 16:23:21.095 UTC [1] LOG:  database system is ready to accept connections
2023-10-16 16:28:21.912 UTC [50] LOG:  checkpoint starting: time
2023-10-16 16:28:26.862 UTC [50] LOG:  checkpoint complete: wrote 52 buffers (0.3%); 0 WAL file(s) added, 0 removed, 0 recycled; write=4.939 s, sync=0.005 s, total=4.951 s; sync files=15, longest=0.001 s, average=0.001 s; distance=260 kB, estimate=260 kB; lsn=0/15634D0, redo lsn=0/1563498
