The files belonging to this database system will be owned by user "postgres".
This user must also own the server process.

The database cluster will be initialized with locale "en_US.utf8".
The default database encoding has accordingly been set to "UTF8".
The default text search configuration will be set to "english".

Data page checksums are disabled.

fixing permissions on existing directory /var/lib/postgresql/data ... ok
creating subdirectories ... ok
selecting dynamic shared memory implementation ... posix
selecting default max_connections ... 100
selecting default shared_buffers ... 128MB
selecting default time zone ... UTC
creating configuration files ... ok
running bootstrap script ... ok
performing post-bootstrap initialization ... ok
syncing data to disk ... ok


Success. You can now start the database server using:

    pg_ctl -D /var/lib/postgresql/data -l logfile start
sh: locale: not found
2023-10-16 16:23:19.383 UTC [30] WARNING:  no usable system locales were found
initdb: warning: enabling "trust" authentication for local connections
initdb: hint: You can change this by editing pg_hba.conf or using the option -A, or --auth-local and --auth-host, the next time you run initdb.

waiting for server to start....2023-10-16 16:23:20.698 UTC [36] LOG:  starting PostgreSQL 16.0 on x86_64-pc-linux-musl, compiled by gcc (Alpine 12.2.1_git20220924-r10) 12.2.1 20220924, 64-bit
2023-10-16 16:23:20.701 UTC [36] LOG:  listening on Unix socket "/var/run/postgresql/.s.PGSQL.5432"
2023-10-16 16:23:20.708 UTC [39] LOG:  database system was shut down at 2023-10-16 16:23:20 UTC
2023-10-16 16:23:20.724 UTC [36] LOG:  database system is ready to accept connections
 done
server started

/usr/local/bin/docker-entrypoint.sh: running /docker-entrypoint-initdb.d/init.sql
SET
SET
SET
SET
SET
 set_config
------------

(1 row)

SET
SET
SET
SET
CREATE SCHEMA
ALTER SCHEMA
SET
SET
CREATE TABLE
ALTER TABLE
CREATE TABLE
ALTER TABLE
COPY 33
COPY 3
ALTER TABLE
CREATE INDEX


waiting for server to shut down...2023-10-16 16:23:20.965 UTC [36] LOG:  received fast shutdown request
.2023-10-16 16:23:20.966 UTC [36] LOG:  aborting any active transactions
2023-10-16 16:23:20.977 UTC [36] LOG:  background worker "logical replication launcher" (PID 42) exited with exit code 1
2023-10-16 16:23:20.977 UTC [37] LOG:  shutting down
2023-10-16 16:23:20.978 UTC [37] LOG:  checkpoint starting: shutdown immediate
2023-10-16 16:23:21.035 UTC [37] LOG:  checkpoint complete: wrote 62 buffers (0.4%); 0 WAL file(s) added, 0 removed, 0 recycled; write=0.010 s, sync=0.038 s, total=0.058 s; sync files=49, longest=0.011 s, average=0.001 s; distance=223 kB, estimate=223 kB; lsn=0/1522150, redo lsn=0/1522150
2023-10-16 16:23:21.041 UTC [36] LOG:  database system is shut down
 done
server stopped

PostgreSQL init process complete; ready for start up.

2023-10-16 16:23:21.115 UTC [1] LOG:  starting PostgreSQL 16.0 on x86_64-pc-linux-musl, compiled by gcc (Alpine 12.2.1_git20220924-r10) 12.2.1 20220924, 64-bit
2023-10-16 16:23:21.115 UTC [1] LOG:  listening on IPv4 address "0.0.0.0", port 5432
2023-10-16 16:23:21.115 UTC [1] LOG:  listening on IPv6 address "::", port 5432
2023-10-16 16:23:21.121 UTC [1] LOG:  listening on Unix socket "/var/run/postgresql/.s.PGSQL.5432"
2023-10-16 16:23:21.132 UTC [52] LOG:  database system was shut down at 2023-10-16 16:23:21 UTC
2023-10-16 16:23:21.147 UTC [1] LOG:  database system is ready to accept connections
2023-10-16 16:24:29.631 UTC [1] LOG:  received fast shutdown request
2023-10-16 16:24:29.633 UTC [1] LOG:  aborting any active transactions
2023-10-16 16:24:29.634 UTC [58] FATAL:  terminating connection due to administrator command
2023-10-16 16:24:29.634 UTC [56] FATAL:  terminating connection due to administrator command
2023-10-16 16:24:29.652 UTC [1] LOG:  background worker "logical replication launcher" (PID 55) exited with exit code 1
2023-10-16 16:24:29.652 UTC [50] LOG:  shutting down
2023-10-16 16:24:29.656 UTC [50] LOG:  checkpoint starting: shutdown immediate
2023-10-16 16:24:29.686 UTC [50] LOG:  checkpoint complete: wrote 49 buffers (0.3%); 0 WAL file(s) added, 0 removed, 0 recycled; write=0.012 s, sync=0.012 s, total=0.034 s; sync files=14, longest=0.006 s, average=0.001 s; distance=238 kB, estimate=238 kB; lsn=0/155DC18, redo lsn=0/155DC18
2023-10-16 16:24:29.700 UTC [1] LOG:  database system is shut down
